<?xml version="1.0" encoding="UTF-8"?>
<!-- Generated by org.testng.reporters.JUnitXMLReporter -->
<testsuite ignored="2" hostname="DESKTOP-5A7KV0R" failures="0" tests="1" name="DashboardTest" time="44.449" errors="0" timestamp="2024-07-02T12:59:11 AEST">
  <testcase classname="airhealth.tests.DashboardTest" name="viewForecastDataTest" time="4.389"/>
  <testcase classname="airhealth.tests.DashboardTest" name="locationSelectTest" time="0.0">
    <ignored/>
  </testcase> <!-- locationSelectTest -->
  <testcase classname="airhealth.tests.DashboardTest" name="viewAllergenDataTest" time="0.0">
    <ignored/>
  </testcase> <!-- viewAllergenDataTest -->
</testsuite> <!-- DashboardTest -->
