<?xml version="1.0" encoding="UTF-8"?>
<!-- Generated by org.testng.reporters.JUnitXMLReporter -->
<testsuite ignored="2" hostname="DESKTOP-5A7KV0R" failures="0" tests="1" name="Default test" time="46.226" errors="0" timestamp="2024-07-02T10:48:32 AEST">
  <testcase classname="airhealth.tests.DashboardTest" name="viewForecastDataTest" time="5.851"/>
  <testcase classname="airhealth.tests.DashboardTest" name="viewAllergenDataTest" time="0.0">
    <ignored/>
  </testcase> <!-- viewAllergenDataTest -->
  <testcase classname="airhealth.tests.DashboardTest" name="locationSelectTest" time="0.0">
    <ignored/>
  </testcase> <!-- locationSelectTest -->
</testsuite> <!-- Default test -->
