<?xml version="1.0" encoding="UTF-8"?>
<testng-results ignored="0" total="1" passed="1" failed="0" skipped="0">
  <reporter-output>
  </reporter-output>
  <suite started-at="2024-07-02T12:58:27 AEST" name="MyTestSuite" finished-at="2024-07-02T12:59:11 AEST" duration-ms="44449">
    <groups>
    </groups>
    <test started-at="2024-07-02T12:58:27 AEST" name="DashboardTest" finished-at="2024-07-02T12:59:11 AEST" duration-ms="44449">
      <class name="airhealth.tests.DashboardTest">
        <test-method is-config="true" signature="launchApp()[pri:0, instance:airhealth.tests.DashboardTest@2a79d4b1]" started-at="2024-07-02T12:58:27 AEST" name="launchApp" description="Launching the app and proceed to dashboard" finished-at="2024-07-02T12:59:06 AEST" duration-ms="39485" status="PASS">
          <reporter-output>
          </reporter-output>
        </test-method> <!-- launchApp -->
        <test-method signature="viewForecastDataTest()[pri:1, instance:airhealth.tests.DashboardTest@2a79d4b1]" started-at="2024-07-02T12:59:06 AEST" name="viewForecastDataTest" description="view Forcaste Data" finished-at="2024-07-02T12:59:11 AEST" duration-ms="4389" status="PASS">
          <reporter-output>
          </reporter-output>
        </test-method> <!-- viewForecastDataTest -->
        <test-method is-config="true" signature="closeApp()[pri:0, instance:airhealth.tests.DashboardTest@2a79d4b1]" started-at="2024-07-02T12:59:11 AEST" name="closeApp" finished-at="2024-07-02T12:59:11 AEST" duration-ms="528" status="PASS">
          <reporter-output>
          </reporter-output>
        </test-method> <!-- closeApp -->
      </class> <!-- airhealth.tests.DashboardTest -->
    </test> <!-- DashboardTest -->
  </suite> <!-- MyTestSuite -->
</testng-results>
